Running: C:\Xilinx_14\14.7\ISE_DS\ISE\bin\nt\unwrapped\fuse.exe -intstyle ise -incremental -o C:/Xilinx_proj/cpu_v0.2/cpu_cpu_sch_tb_isim_beh.exe -prj C:/Xilinx_proj/cpu_v0.2/cpu_cpu_sch_tb_beh.prj work.cpu_cpu_sch_tb 
ISim P.20131013 (signature 0x8ef4fb42)
Number of CPUs detected in this system: 4
Turning on mult-threading, number of parallel sub-compilation jobs: 8 
Determining compilation order of HDL files
Parsing VHDL file "C:/Xilinx_proj/cpu_v0.2/ipcore_dir/reg_file_dpram.vhd" into library work
Parsing VHDL file "C:/Xilinx_proj/cpu_v0.2/ipcore_dir/IROM.vhd" into library work
Parsing VHDL file "C:/Xilinx_proj/cpu_v0.2/ipcore_dir/RAM.vhd" into library work
Parsing VHDL file "C:/Xilinx_proj/cpu_v0.2/mux4x2.vhd" into library work
Parsing VHDL file "C:/Xilinx_proj/cpu_v0.2/reg_file.vhf" into library work
Parsing VHDL file "C:/Xilinx_proj/cpu_v0.2/PCR.vhd" into library work
Parsing VHDL file "C:/Xilinx_proj/cpu_v0.2/mux16x2.vhd" into library work
Parsing VHDL file "C:/Xilinx_proj/cpu_v0.2/CU.vhd" into library work
Parsing VHDL file "C:/Xilinx_proj/cpu_v0.2/ALU.vhd" into library work
Parsing VHDL file "C:/Xilinx_proj/cpu_v0.2/cpu.vhf" into library work
Parsing VHDL file "C:/Xilinx_proj/cpu_v0.2/cpu_test.vhd" into library work
Starting static elaboration
Completed static elaboration
Fuse Memory Usage: 75060 KB
Fuse CPU Usage: 874 ms
Compiling package standard
Compiling package std_logic_1164
Compiling package numeric_std
Compiling package vcomponents
Compiling package std_logic_arith
Compiling package std_logic_signed
Compiling package std_logic_unsigned
Compiling package textio
Compiling package std_logic_textio
Compiling architecture output_stage_behavioral of entity BLK_MEM_GEN_V7_3_output_stage [\BLK_MEM_GEN_V7_3_output_stage("...]
Compiling architecture softecc_output_reg_stage_behavioral of entity BLK_MEM_GEN_V7_3_softecc_output_reg_stage [\BLK_MEM_GEN_V7_3_softecc_output...]
Compiling architecture mem_module_behavioral of entity BLK_MEM_GEN_V7_3_mem_module [\BLK_MEM_GEN_V7_3_mem_module("bl...]
Compiling architecture behavioral of entity BLK_MEM_GEN_V7_3 [\BLK_MEM_GEN_V7_3("blk_mem_gen_v...]
Compiling architecture reg_file_dpram_a of entity reg_file_dpram [reg_file_dpram_default]
Compiling architecture gnd_v of entity GND [gnd_default]
Compiling architecture behavioral of entity mux4x2 [\mux4x2(4)\]
Compiling architecture behavioral of entity reg_file_MUSER_cpu [reg_file_muser_cpu_default]
Compiling architecture behavioral of entity ALU [alu_default]
Compiling architecture behavioral of entity mux16x2 [\mux16x2(16)\]
Compiling architecture fdre_v of entity FDRE [\FDRE('0')\]
Compiling architecture behavioral of entity FD16RE_MXILINX_cpu [fd16re_mxilinx_cpu_default]
Compiling architecture output_stage_behavioral of entity BLK_MEM_GEN_V7_3_output_stage [\BLK_MEM_GEN_V7_3_output_stage("...]
Compiling architecture softecc_output_reg_stage_behavioral of entity BLK_MEM_GEN_V7_3_softecc_output_reg_stage [\BLK_MEM_GEN_V7_3_softecc_output...]
Compiling architecture mem_module_behavioral of entity BLK_MEM_GEN_V7_3_mem_module [\BLK_MEM_GEN_V7_3_mem_module("bl...]
Compiling architecture behavioral of entity BLK_MEM_GEN_V7_3 [\BLK_MEM_GEN_V7_3("blk_mem_gen_v...]
Compiling architecture irom_a of entity IROM [irom_default]
Compiling architecture mem_module_behavioral of entity BLK_MEM_GEN_V7_3_mem_module [\BLK_MEM_GEN_V7_3_mem_module("bl...]
Compiling architecture behavioral of entity BLK_MEM_GEN_V7_3 [\BLK_MEM_GEN_V7_3("blk_mem_gen_v...]
Compiling architecture ram_a of entity RAM [ram_default]
Compiling architecture behavioral of entity PCR [pcr_default]
Compiling architecture behavioral of entity CU [cu_default]
Compiling architecture buf_v of entity BUF [buf_default]
Compiling architecture behavioral of entity cpu [cpu_default]
Compiling architecture behavioral of entity cpu_cpu_sch_tb
Time Resolution for simulation is 1ps.
Waiting for 12 sub-compilation(s) to finish...
Compiled 58 VHDL Units
Built simulation executable C:/Xilinx_proj/cpu_v0.2/cpu_cpu_sch_tb_isim_beh.exe
Fuse Memory Usage: 105592 KB
Fuse CPU Usage: 1983 ms
